<?xml version="1.0" encoding="UTF-8"?>
<!-- Generated by org.testng.reporters.JUnitReportReporter -->
<testsuite hostname="LTIN219936" failures="0" tests="1" name="testNGTestCases.UsedCarsSearch" time="9.978" errors="0" timestamp="2024-03-06T16:34:29 IST" skipped="0">
  <testcase classname="testNGTestCases.UsedCarsSearch" name="navigateToHomepage" time="9.978"/>
</testsuite> <!-- testNGTestCases.UsedCarsSearch -->
